<?xml version="1.0" encoding="UTF-8"?>
<!-- Generated by org.testng.reporters.JUnitReportReporter -->
<testsuite skipped="0" hostname="sairam-PC" name="basics.FbTitle" tests="1" failures="0" timestamp="14 Jul 2020 06:57:02 GMT" time="0.148" errors="0">
  <testcase name="verifyUrl" time="0.148" classname="basics.FbTitle"/>
</testsuite> <!-- basics.FbTitle -->
