<?xml version="1.0" encoding="UTF-8"?>
<!-- Generated by org.testng.reporters.JUnitReportReporter -->
<testsuite skipped="0" hostname="sairam-PC" name="basics.rediffTitle" tests="1" failures="0" timestamp="2020-07-18T10:22:52 IST" time="3.435" errors="0">
  <testcase name="verifyUrl" time="3.435" classname="basics.rediffTitle"/>
  <system-out/>
</testsuite> <!-- basics.rediffTitle -->
