<?xml version="1.0" encoding="UTF-8"?>
<!-- Generated by org.testng.reporters.JUnitReportReporter -->
<testsuite skipped="0" hostname="sairam-PC" name="basics.FbTitle" tests="1" failures="0" timestamp="2020-07-17T12:31:35 IST" time="0.090" errors="0">
  <testcase name="verifyUrl" time="0.090" classname="basics.FbTitle"/>
  <system-out/>
</testsuite> <!-- basics.FbTitle -->
