<?xml version="1.0" encoding="UTF-8"?>
<!-- Generated by org.testng.reporters.JUnitReportReporter -->
<testsuite skipped="0" hostname="sairam-PC" name="basics.rediffTitle" tests="1" failures="0" timestamp="2020-07-16T12:23:13 IST" time="0.109" errors="0">
  <testcase name="verifyUrl" time="0.109" classname="basics.rediffTitle"/>
  <system-out/>
</testsuite> <!-- basics.rediffTitle -->
